2020/05/24 18:36:53 [error] 6#6: *1 FastCGI sent in stderr: "PHP message: Slim Application Error
Type: Error
Code: 0
Message: Call to undefined method Slim\Psr7\Response::write()
File: /var/www/html/config/routes.php
Line: 3
Trace: #0 /var/www/html/vendor/slim/slim/Slim/Handlers/Strategies/RequestResponse.php(43): Closure->{closure}(Object(Slim\Psr7\Request), Object(Slim\Psr7\Response), Array)
#1 /var/www/html/vendor/slim/slim/Slim/Routing/Route.php(381): Slim\Handlers\Strategies\RequestResponse->__invoke(Object(Closure), Object(Slim\Psr7\Request), Object(Slim\Psr7\Response), Array)
#2 /var/www/html/vendor/slim/slim/Slim/MiddlewareDispatcher.php(81): Slim\Routing\Route->handle(Object(Slim\Psr7\Request))
#3 /var/www/html/vendor/slim/slim/Slim/MiddlewareDispatcher.php(81): Slim\MiddlewareDispatcher->handle(Object(Slim\Psr7\Request))
#4 /var/www/html/vendor/slim/slim/Slim/Routing/Route.php(341): Slim\MiddlewareDispatcher->handle(Object(Slim\Psr7\Request))
#5 /var/www/html/vendor/slim/slim/Slim/Routing/RouteRunner.php(84): Slim\Routing\Route->run(Object(Slim\Psr7\Reque" while reading response header from upstream, client: 172.20.0.1, server: cleanarchitecture.local, request: "GET /probe HTTP/1.1", upstream: "fastcgi://172.20.0.2:9000", host: "localhost"
2020/05/24 18:37:28 [error] 6#6: *1 FastCGI sent in stderr: "PHP message: Slim Application Error
Type: TypeError
Code: 0
Message: Return value of Slim\Handlers\Strategies\RequestResponse::__invoke() must implement interface Psr\Http\Message\ResponseInterface, null returned
File: /var/www/html/vendor/slim/slim/Slim/Handlers/Strategies/RequestResponse.php
Line: 43
Trace: #0 /var/www/html/vendor/slim/slim/Slim/Routing/Route.php(381): Slim\Handlers\Strategies\RequestResponse->__invoke(Object(Closure), Object(Slim\Psr7\Request), Object(Slim\Psr7\Response), Array)
#1 /var/www/html/vendor/slim/slim/Slim/MiddlewareDispatcher.php(81): Slim\Routing\Route->handle(Object(Slim\Psr7\Request))
#2 /var/www/html/vendor/slim/slim/Slim/MiddlewareDispatcher.php(81): Slim\MiddlewareDispatcher->handle(Object(Slim\Psr7\Request))
#3 /var/www/html/vendor/slim/slim/Slim/Routing/Route.php(341): Slim\MiddlewareDispatcher->handle(Object(Slim\Psr7\Request))
#4 /var/www/html/vendor/slim/slim/Slim/Routing/RouteRunner.php(84): Slim\Routing\Route->run(Object(Slim\Psr7\Request))
#5 /var/www/html/ven" while reading response header from upstream, client: 172.20.0.1, server: cleanarchitecture.local, request: "GET /probe HTTP/1.1", upstream: "fastcgi://172.20.0.2:9000", host: "localhost"
2020/05/24 18:38:37 [error] 6#6: *6 FastCGI sent in stderr: "PHP message: Slim Application Error
Type: RuntimeException
Code: 0
Message: Callable App\Controller\ProductController does not exist
File: /var/www/html/vendor/slim/slim/Slim/CallableResolver.php
Line: 147
Trace: #0 /var/www/html/vendor/slim/slim/Slim/CallableResolver.php(101): Slim\CallableResolver->resolveSlimNotation('App\\Controller\\...')
#1 /var/www/html/vendor/slim/slim/Slim/CallableResolver.php(71): Slim\CallableResolver->resolveByPredicate('App\\Controller\\...', Array, 'handle')
#2 /var/www/html/vendor/slim/slim/Slim/Routing/Route.php(366): Slim\CallableResolver->resolveRoute('App\\Controller\\...')
#3 /var/www/html/vendor/slim/slim/Slim/MiddlewareDispatcher.php(81): Slim\Routing\Route->handle(Object(Slim\Psr7\Request))
#4 /var/www/html/vendor/slim/slim/Slim/MiddlewareDispatcher.php(81): Slim\MiddlewareDispatcher->handle(Object(Slim\Psr7\Request))
#5 /var/www/html/vendor/slim/slim/Slim/Routing/Route.php(341): Slim\MiddlewareDispatcher->handle(Object(Slim\Psr7\Request))
#6 /var/www/html/vendor/sl" while reading response header from upstream, client: 172.20.0.1, server: cleanarchitecture.local, request: "POST /registerProduct HTTP/1.1", upstream: "fastcgi://172.20.0.2:9000", host: "localhost"
2020/05/24 18:39:06 [error] 6#6: *6 FastCGI sent in stderr: "PHP message: Slim Application Error
Type: RuntimeException
Code: 0
Message: Callable App\Controller\ProductController does not exist
File: /var/www/html/vendor/slim/slim/Slim/CallableResolver.php
Line: 147
Trace: #0 /var/www/html/vendor/slim/slim/Slim/CallableResolver.php(101): Slim\CallableResolver->resolveSlimNotation('App\\Controller\\...')
#1 /var/www/html/vendor/slim/slim/Slim/CallableResolver.php(71): Slim\CallableResolver->resolveByPredicate('App\\Controller\\...', Array, 'handle')
#2 /var/www/html/vendor/slim/slim/Slim/Routing/Route.php(366): Slim\CallableResolver->resolveRoute('App\\Controller\\...')
#3 /var/www/html/vendor/slim/slim/Slim/MiddlewareDispatcher.php(81): Slim\Routing\Route->handle(Object(Slim\Psr7\Request))
#4 /var/www/html/vendor/slim/slim/Slim/MiddlewareDispatcher.php(81): Slim\MiddlewareDispatcher->handle(Object(Slim\Psr7\Request))
#5 /var/www/html/vendor/slim/slim/Slim/Routing/Route.php(341): Slim\MiddlewareDispatcher->handle(Object(Slim\Psr7\Request))
#6 /var/www/html/vendor/sl" while reading response header from upstream, client: 172.20.0.1, server: cleanarchitecture.local, request: "POST /registerProduct HTTP/1.1", upstream: "fastcgi://172.20.0.2:9000", host: "localhost"
2020/05/24 18:39:33 [error] 6#6: *6 FastCGI sent in stderr: "PHP message: Slim Application Error
Type: RuntimeException
Code: 0
Message: Callable App\Controller\ProductController does not exist
File: /var/www/html/vendor/slim/slim/Slim/CallableResolver.php
Line: 147
Trace: #0 /var/www/html/vendor/slim/slim/Slim/CallableResolver.php(101): Slim\CallableResolver->resolveSlimNotation('App\\Controller\\...')
#1 /var/www/html/vendor/slim/slim/Slim/CallableResolver.php(71): Slim\CallableResolver->resolveByPredicate('App\\Controller\\...', Array, 'handle')
#2 /var/www/html/vendor/slim/slim/Slim/Routing/Route.php(366): Slim\CallableResolver->resolveRoute('App\\Controller\\...')
#3 /var/www/html/vendor/slim/slim/Slim/MiddlewareDispatcher.php(81): Slim\Routing\Route->handle(Object(Slim\Psr7\Request))
#4 /var/www/html/vendor/slim/slim/Slim/MiddlewareDispatcher.php(81): Slim\MiddlewareDispatcher->handle(Object(Slim\Psr7\Request))
#5 /var/www/html/vendor/slim/slim/Slim/Routing/Route.php(341): Slim\MiddlewareDispatcher->handle(Object(Slim\Psr7\Request))
#6 /var/www/html/vendor/sl" while reading response header from upstream, client: 172.20.0.1, server: cleanarchitecture.local, request: "POST /registerProduct HTTP/1.1", upstream: "fastcgi://172.20.0.2:9000", host: "localhost"
2020/05/24 18:42:51 [error] 6#6: *2 FastCGI sent in stderr: "PHP message: Slim Application Error
Type: RuntimeException
Code: 0
Message: Callable App\Controller\ProductController does not exist
File: /var/www/html/vendor/slim/slim/Slim/CallableResolver.php
Line: 147
Trace: #0 /var/www/html/vendor/slim/slim/Slim/CallableResolver.php(101): Slim\CallableResolver->resolveSlimNotation('App\\Controller\\...')
#1 /var/www/html/vendor/slim/slim/Slim/CallableResolver.php(71): Slim\CallableResolver->resolveByPredicate('App\\Controller\\...', Array, 'handle')
#2 /var/www/html/vendor/slim/slim/Slim/Routing/Route.php(366): Slim\CallableResolver->resolveRoute('App\\Controller\\...')
#3 /var/www/html/vendor/slim/slim/Slim/MiddlewareDispatcher.php(81): Slim\Routing\Route->handle(Object(Slim\Psr7\Request))
#4 /var/www/html/vendor/slim/slim/Slim/MiddlewareDispatcher.php(81): Slim\MiddlewareDispatcher->handle(Object(Slim\Psr7\Request))
#5 /var/www/html/vendor/slim/slim/Slim/Routing/Route.php(341): Slim\MiddlewareDispatcher->handle(Object(Slim\Psr7\Request))
#6 /var/www/html/vendor/sl" while reading response header from upstream, client: 172.20.0.1, server: cleanarchitecture.local, request: "POST /registerProduct HTTP/1.1", upstream: "fastcgi://172.20.0.2:9000", host: "localhost"
2020/05/24 18:45:55 [error] 6#6: *5 FastCGI sent in stderr: "PHP message: Slim Application Error
Type: RuntimeException
Code: 0
Message: Callable App\Controller\ProductController does not exist
File: /var/www/html/vendor/slim/slim/Slim/CallableResolver.php
Line: 147
Trace: #0 /var/www/html/vendor/slim/slim/Slim/CallableResolver.php(101): Slim\CallableResolver->resolveSlimNotation('App\\Controller\\...')
#1 /var/www/html/vendor/slim/slim/Slim/CallableResolver.php(71): Slim\CallableResolver->resolveByPredicate('App\\Controller\\...', Array, 'handle')
#2 /var/www/html/vendor/slim/slim/Slim/Routing/Route.php(366): Slim\CallableResolver->resolveRoute('App\\Controller\\...')
#3 /var/www/html/vendor/slim/slim/Slim/MiddlewareDispatcher.php(81): Slim\Routing\Route->handle(Object(Slim\Psr7\Request))
#4 /var/www/html/vendor/slim/slim/Slim/MiddlewareDispatcher.php(81): Slim\MiddlewareDispatcher->handle(Object(Slim\Psr7\Request))
#5 /var/www/html/vendor/slim/slim/Slim/Routing/Route.php(341): Slim\MiddlewareDispatcher->handle(Object(Slim\Psr7\Request))
#6 /var/www/html/vendor/sl" while reading response header from upstream, client: 172.20.0.1, server: cleanarchitecture.local, request: "POST /registerProduct HTTP/1.1", upstream: "fastcgi://172.20.0.2:9000", host: "localhost"
2020/05/24 18:46:11 [error] 6#6: *5 FastCGI sent in stderr: "PHP message: Slim Application Error
Type: RuntimeException
Code: 0
Message: Callable App\Controller\ProductController does not exist
File: /var/www/html/vendor/slim/slim/Slim/CallableResolver.php
Line: 147
Trace: #0 /var/www/html/vendor/slim/slim/Slim/CallableResolver.php(101): Slim\CallableResolver->resolveSlimNotation('App\\Controller\\...')
#1 /var/www/html/vendor/slim/slim/Slim/CallableResolver.php(71): Slim\CallableResolver->resolveByPredicate('App\\Controller\\...', Array, 'handle')
#2 /var/www/html/vendor/slim/slim/Slim/Routing/Route.php(366): Slim\CallableResolver->resolveRoute('App\\Controller\\...')
#3 /var/www/html/vendor/slim/slim/Slim/MiddlewareDispatcher.php(81): Slim\Routing\Route->handle(Object(Slim\Psr7\Request))
#4 /var/www/html/vendor/slim/slim/Slim/MiddlewareDispatcher.php(81): Slim\MiddlewareDispatcher->handle(Object(Slim\Psr7\Request))
#5 /var/www/html/vendor/slim/slim/Slim/Routing/Route.php(341): Slim\MiddlewareDispatcher->handle(Object(Slim\Psr7\Request))
#6 /var/www/html/vendor/sl" while reading response header from upstream, client: 172.20.0.1, server: cleanarchitecture.local, request: "POST /registerProduct HTTP/1.1", upstream: "fastcgi://172.20.0.2:9000", host: "localhost"
2020/05/24 18:48:45 [error] 6#6: *9 FastCGI sent in stderr: "PHP message: Slim Application Error
Type: RuntimeException
Code: 0
Message: Callable App\Controller\ProductController does not exist
File: /var/www/html/vendor/slim/slim/Slim/CallableResolver.php
Line: 147
Trace: #0 /var/www/html/vendor/slim/slim/Slim/CallableResolver.php(101): Slim\CallableResolver->resolveSlimNotation('App\\Controller\\...')
#1 /var/www/html/vendor/slim/slim/Slim/CallableResolver.php(71): Slim\CallableResolver->resolveByPredicate('App\\Controller\\...', Array, 'handle')
#2 /var/www/html/vendor/slim/slim/Slim/Routing/Route.php(366): Slim\CallableResolver->resolveRoute('App\\Controller\\...')
#3 /var/www/html/vendor/slim/slim/Slim/MiddlewareDispatcher.php(81): Slim\Routing\Route->handle(Object(Slim\Psr7\Request))
#4 /var/www/html/vendor/slim/slim/Slim/MiddlewareDispatcher.php(81): Slim\MiddlewareDispatcher->handle(Object(Slim\Psr7\Request))
#5 /var/www/html/vendor/slim/slim/Slim/Routing/Route.php(341): Slim\MiddlewareDispatcher->handle(Object(Slim\Psr7\Request))
#6 /var/www/html/vendor/sl" while reading response header from upstream, client: 172.20.0.1, server: cleanarchitecture.local, request: "POST /registerProduct HTTP/1.1", upstream: "fastcgi://172.20.0.2:9000", host: "localhost"
2020/05/24 19:00:31 [error] 6#6: *18 FastCGI sent in stderr: "PHP message: Slim Application Error
Type: TypeError
Code: 0
Message: Return value of Slim\Handlers\Strategies\RequestResponse::__invoke() must implement interface Psr\Http\Message\ResponseInterface, null returned
File: /var/www/html/vendor/slim/slim/Slim/Handlers/Strategies/RequestResponse.php
Line: 43
Trace: #0 /var/www/html/vendor/slim/slim/Slim/Routing/Route.php(381): Slim\Handlers\Strategies\RequestResponse->__invoke(Object(Closure), Object(Slim\Psr7\Request), Object(Slim\Psr7\Response), Array)
#1 /var/www/html/vendor/slim/slim/Slim/MiddlewareDispatcher.php(81): Slim\Routing\Route->handle(Object(Slim\Psr7\Request))
#2 /var/www/html/vendor/slim/slim/Slim/MiddlewareDispatcher.php(81): Slim\MiddlewareDispatcher->handle(Object(Slim\Psr7\Request))
#3 /var/www/html/vendor/slim/slim/Slim/Routing/Route.php(341): Slim\MiddlewareDispatcher->handle(Object(Slim\Psr7\Request))
#4 /var/www/html/vendor/slim/slim/Slim/Routing/RouteRunner.php(84): Slim\Routing\Route->run(Object(Slim\Psr7\Request))
#5 /var/www/html/ven" while reading response header from upstream, client: 172.20.0.1, server: cleanarchitecture.local, request: "GET /probe HTTP/1.1", upstream: "fastcgi://172.20.0.2:9000", host: "localhost"
2020/05/24 19:01:11 [error] 6#6: *18 FastCGI sent in stderr: "PHP message: Slim Application Error
Type: RuntimeException
Code: 0
Message: Callable App\Action\RegisterProductAction does not exist
File: /var/www/html/vendor/slim/slim/Slim/CallableResolver.php
Line: 147
Trace: #0 /var/www/html/vendor/slim/slim/Slim/CallableResolver.php(101): Slim\CallableResolver->resolveSlimNotation('App\\Action\\Regi...')
#1 /var/www/html/vendor/slim/slim/Slim/CallableResolver.php(71): Slim\CallableResolver->resolveByPredicate('App\\Action\\Regi...', Array, 'handle')
#2 /var/www/html/vendor/slim/slim/Slim/Routing/Route.php(366): Slim\CallableResolver->resolveRoute('App\\Action\\Regi...')
#3 /var/www/html/vendor/slim/slim/Slim/MiddlewareDispatcher.php(81): Slim\Routing\Route->handle(Object(Slim\Psr7\Request))
#4 /var/www/html/vendor/slim/slim/Slim/MiddlewareDispatcher.php(81): Slim\MiddlewareDispatcher->handle(Object(Slim\Psr7\Request))
#5 /var/www/html/vendor/slim/slim/Slim/Routing/Route.php(341): Slim\MiddlewareDispatcher->handle(Object(Slim\Psr7\Request))
#6 /var/www/html/vendor/sl" while reading response header from upstream, client: 172.20.0.1, server: cleanarchitecture.local, request: "POST /registerProduct HTTP/1.1", upstream: "fastcgi://172.20.0.2:9000", host: "localhost"
2020/05/24 19:04:18 [error] 6#6: *23 FastCGI sent in stderr: "PHP message: Slim Application Error
Type: RuntimeException
Code: 0
Message: Callable Action\RegisterProductAction does not exist
File: /var/www/html/vendor/slim/slim/Slim/CallableResolver.php
Line: 147
Trace: #0 /var/www/html/vendor/slim/slim/Slim/CallableResolver.php(101): Slim\CallableResolver->resolveSlimNotation('Action\\Register...')
#1 /var/www/html/vendor/slim/slim/Slim/CallableResolver.php(71): Slim\CallableResolver->resolveByPredicate('Action\\Register...', Array, 'handle')
#2 /var/www/html/vendor/slim/slim/Slim/Routing/Route.php(366): Slim\CallableResolver->resolveRoute('Action\\Register...')
#3 /var/www/html/vendor/slim/slim/Slim/MiddlewareDispatcher.php(81): Slim\Routing\Route->handle(Object(Slim\Psr7\Request))
#4 /var/www/html/vendor/slim/slim/Slim/MiddlewareDispatcher.php(81): Slim\MiddlewareDispatcher->handle(Object(Slim\Psr7\Request))
#5 /var/www/html/vendor/slim/slim/Slim/Routing/Route.php(341): Slim\MiddlewareDispatcher->handle(Object(Slim\Psr7\Request))
#6 /var/www/html/vendor/slim/slim" while reading response header from upstream, client: 172.20.0.1, server: cleanarchitecture.local, request: "POST /registerProduct HTTP/1.1", upstream: "fastcgi://172.20.0.2:9000", host: "localhost"
2020/05/24 19:04:31 [error] 6#6: *23 FastCGI sent in stderr: "PHP message: Slim Application Error
Type: RuntimeException
Code: 0
Message: Callable RegisterProductAction does not exist
File: /var/www/html/vendor/slim/slim/Slim/CallableResolver.php
Line: 147
Trace: #0 /var/www/html/vendor/slim/slim/Slim/CallableResolver.php(101): Slim\CallableResolver->resolveSlimNotation('RegisterProduct...')
#1 /var/www/html/vendor/slim/slim/Slim/CallableResolver.php(71): Slim\CallableResolver->resolveByPredicate('RegisterProduct...', Array, 'handle')
#2 /var/www/html/vendor/slim/slim/Slim/Routing/Route.php(366): Slim\CallableResolver->resolveRoute('RegisterProduct...')
#3 /var/www/html/vendor/slim/slim/Slim/MiddlewareDispatcher.php(81): Slim\Routing\Route->handle(Object(Slim\Psr7\Request))
#4 /var/www/html/vendor/slim/slim/Slim/MiddlewareDispatcher.php(81): Slim\MiddlewareDispatcher->handle(Object(Slim\Psr7\Request))
#5 /var/www/html/vendor/slim/slim/Slim/Routing/Route.php(341): Slim\MiddlewareDispatcher->handle(Object(Slim\Psr7\Request))
#6 /var/www/html/vendor/slim/slim/Slim/Rout" while reading response header from upstream, client: 172.20.0.1, server: cleanarchitecture.local, request: "POST /registerProduct HTTP/1.1", upstream: "fastcgi://172.20.0.2:9000", host: "localhost"
2020/05/24 19:04:43 [error] 6#6: *23 FastCGI sent in stderr: "PHP message: Slim Application Error
Type: ParseError
Code: 0
Message: syntax error, unexpected 'ContainerInterface' (T_STRING), expecting function (T_FUNCTION) or const (T_CONST)
File: /var/www/html/src/App/Action/RegisterProductAction.php
Line: 19
Trace: #0 /var/www/html/vendor/composer/ClassLoader.php(322): Composer\Autoload\includeFile('/var/www/html/v...')
#1 [internal function]: Composer\Autoload\ClassLoader->loadClass('App\\App\\Action\\...')
#2 [internal function]: spl_autoload_call('App\\App\\Action\\...')
#3 /var/www/html/vendor/php-di/php-di/src/Definition/Source/ReflectionBasedAutowiring.php(22): class_exists('App\\App\\Action\\...')
#4 /var/www/html/vendor/php-di/php-di/src/Definition/Source/ReflectionBasedAutowiring.php(41): DI\Definition\Source\ReflectionBasedAutowiring->autowire('App\\App\\Action\\...')
#5 /var/www/html/vendor/php-di/php-di/src/Definition/Source/SourceChain.php(54): DI\Definition\Source\ReflectionBasedAutowiring->getDefinition('App\\App\\Action\\...')
#6 /var/www/html/vendo" while reading response header from upstream, client: 172.20.0.1, server: cleanarchitecture.local, request: "POST /registerProduct HTTP/1.1", upstream: "fastcgi://172.20.0.2:9000", host: "localhost"
2020/05/24 19:18:52 [error] 6#6: *39 FastCGI sent in stderr: "PHP message: Slim Application Error
Type: TypeError
Code: 0
Message: Return value of Slim\Handlers\Strategies\RequestResponse::__invoke() must implement interface Psr\Http\Message\ResponseInterface, null returned
File: /var/www/html/vendor/slim/slim/Slim/Handlers/Strategies/RequestResponse.php
Line: 43
Trace: #0 /var/www/html/vendor/slim/slim/Slim/Routing/Route.php(381): Slim\Handlers\Strategies\RequestResponse->__invoke(Object(Closure), Object(Slim\Psr7\Request), Object(Slim\Psr7\Response), Array)
#1 /var/www/html/vendor/slim/slim/Slim/MiddlewareDispatcher.php(81): Slim\Routing\Route->handle(Object(Slim\Psr7\Request))
#2 /var/www/html/vendor/slim/slim/Slim/MiddlewareDispatcher.php(81): Slim\MiddlewareDispatcher->handle(Object(Slim\Psr7\Request))
#3 /var/www/html/vendor/slim/slim/Slim/Routing/Route.php(341): Slim\MiddlewareDispatcher->handle(Object(Slim\Psr7\Request))
#4 /var/www/html/vendor/slim/slim/Slim/Routing/RouteRunner.php(84): Slim\Routing\Route->run(Object(Slim\Psr7\Request))
#5 /var/www/html/ven" while reading response header from upstream, client: 172.20.0.1, server: cleanarchitecture.local, request: "GET /probe HTTP/1.1", upstream: "fastcgi://172.20.0.2:9000", host: "localhost"
2020/05/24 19:20:41 [error] 6#6: *46 FastCGI sent in stderr: "PHP message: Slim Application Error
Type: TypeError
Code: 0
Message: Return value of Slim\Handlers\Strategies\RequestResponse::__invoke() must implement interface Psr\Http\Message\ResponseInterface, null returned
File: /var/www/html/vendor/slim/slim/Slim/Handlers/Strategies/RequestResponse.php
Line: 43
Trace: #0 /var/www/html/vendor/slim/slim/Slim/Routing/Route.php(381): Slim\Handlers\Strategies\RequestResponse->__invoke(Object(Closure), Object(Slim\Psr7\Request), Object(Slim\Psr7\Response), Array)
#1 /var/www/html/vendor/slim/slim/Slim/MiddlewareDispatcher.php(81): Slim\Routing\Route->handle(Object(Slim\Psr7\Request))
#2 /var/www/html/vendor/slim/slim/Slim/MiddlewareDispatcher.php(81): Slim\MiddlewareDispatcher->handle(Object(Slim\Psr7\Request))
#3 /var/www/html/vendor/slim/slim/Slim/Routing/Route.php(341): Slim\MiddlewareDispatcher->handle(Object(Slim\Psr7\Request))
#4 /var/www/html/vendor/slim/slim/Slim/Routing/RouteRunner.php(84): Slim\Routing\Route->run(Object(Slim\Psr7\Request))
#5 /var/www/html/ven" while reading response header from upstream, client: 172.20.0.1, server: cleanarchitecture.local, request: "GET /probe HTTP/1.1", upstream: "fastcgi://172.20.0.2:9000", host: "localhost"
2020/05/24 19:22:32 [error] 6#6: *52 FastCGI sent in stderr: "PHP message: Slim Application Error
Type: ParseError
Code: 0
Message: syntax error, unexpected 'ContainerInterface' (T_STRING), expecting function (T_FUNCTION) or const (T_CONST)
File: /var/www/html/src/App/Action/RegisterProductAction.php
Line: 19
Trace: #0 /var/www/html/vendor/composer/ClassLoader.php(322): Composer\Autoload\includeFile('/var/www/html/v...')
#1 [internal function]: Composer\Autoload\ClassLoader->loadClass('App\\App\\Action\\...')
#2 [internal function]: spl_autoload_call('App\\App\\Action\\...')
#3 /var/www/html/vendor/php-di/php-di/src/Definition/Source/ReflectionBasedAutowiring.php(22): class_exists('App\\App\\Action\\...')
#4 /var/www/html/vendor/php-di/php-di/src/Definition/Source/ReflectionBasedAutowiring.php(41): DI\Definition\Source\ReflectionBasedAutowiring->autowire('App\\App\\Action\\...')
#5 /var/www/html/vendor/php-di/php-di/src/Definition/Source/SourceChain.php(54): DI\Definition\Source\ReflectionBasedAutowiring->getDefinition('App\\App\\Action\\...')
#6 /var/www/html/vendo" while reading response header from upstream, client: 172.20.0.1, server: cleanarchitecture.local, request: "POST /registerProduct HTTP/1.1", upstream: "fastcgi://172.20.0.2:9000", host: "localhost"
2020/05/24 19:26:08 [error] 6#6: *56 FastCGI sent in stderr: "PHP message: Slim Application Error
Type: ParseError
Code: 0
Message: syntax error, unexpected 'ContainerInterface' (T_STRING), expecting function (T_FUNCTION) or const (T_CONST)
File: /var/www/html/src/App/Action/RegisterProductAction.php
Line: 19
Trace: #0 /var/www/html/vendor/composer/ClassLoader.php(322): Composer\Autoload\includeFile('/var/www/html/v...')
#1 [internal function]: Composer\Autoload\ClassLoader->loadClass('App\\App\\Action\\...')
#2 [internal function]: spl_autoload_call('App\\App\\Action\\...')
#3 /var/www/html/vendor/php-di/php-di/src/Definition/Source/ReflectionBasedAutowiring.php(22): class_exists('App\\App\\Action\\...')
#4 /var/www/html/vendor/php-di/php-di/src/Definition/Source/ReflectionBasedAutowiring.php(41): DI\Definition\Source\ReflectionBasedAutowiring->autowire('App\\App\\Action\\...')
#5 /var/www/html/vendor/php-di/php-di/src/Definition/Source/SourceChain.php(54): DI\Definition\Source\ReflectionBasedAutowiring->getDefinition('App\\App\\Action\\...')
#6 /var/www/html/vendo" while reading response header from upstream, client: 172.20.0.1, server: cleanarchitecture.local, request: "POST /registerProduct HTTP/1.1", upstream: "fastcgi://172.20.0.2:9000", host: "localhost"
2020/05/24 19:27:29 [error] 6#6: *56 FastCGI sent in stderr: "PHP message: Slim Application Error
Type: RuntimeException
Code: 0
Message: Callable App\Action\RegisterProductAction does not exist
File: /var/www/html/vendor/slim/slim/Slim/CallableResolver.php
Line: 147
Trace: #0 /var/www/html/vendor/slim/slim/Slim/CallableResolver.php(101): Slim\CallableResolver->resolveSlimNotation('App\\Action\\Regi...')
#1 /var/www/html/vendor/slim/slim/Slim/CallableResolver.php(71): Slim\CallableResolver->resolveByPredicate('App\\Action\\Regi...', Array, 'handle')
#2 /var/www/html/vendor/slim/slim/Slim/Routing/Route.php(366): Slim\CallableResolver->resolveRoute('App\\Action\\Regi...')
#3 /var/www/html/vendor/slim/slim/Slim/MiddlewareDispatcher.php(81): Slim\Routing\Route->handle(Object(Slim\Psr7\Request))
#4 /var/www/html/vendor/slim/slim/Slim/MiddlewareDispatcher.php(81): Slim\MiddlewareDispatcher->handle(Object(Slim\Psr7\Request))
#5 /var/www/html/vendor/slim/slim/Slim/Routing/Route.php(341): Slim\MiddlewareDispatcher->handle(Object(Slim\Psr7\Request))
#6 /var/www/html/vendor/sl" while reading response header from upstream, client: 172.20.0.1, server: cleanarchitecture.local, request: "POST /registerProduct HTTP/1.1", upstream: "fastcgi://172.20.0.2:9000", host: "localhost"
2020/05/24 19:30:13 [error] 6#6: *65 FastCGI sent in stderr: "PHP message: Slim Application Error
Type: RuntimeException
Code: 0
Message: Callable App\Action\RegisterProductAction does not exist
File: /var/www/html/vendor/slim/slim/Slim/CallableResolver.php
Line: 147
Trace: #0 /var/www/html/vendor/slim/slim/Slim/CallableResolver.php(101): Slim\CallableResolver->resolveSlimNotation('App\\Action\\Regi...')
#1 /var/www/html/vendor/slim/slim/Slim/CallableResolver.php(71): Slim\CallableResolver->resolveByPredicate('App\\Action\\Regi...', Array, 'handle')
#2 /var/www/html/vendor/slim/slim/Slim/Routing/Route.php(366): Slim\CallableResolver->resolveRoute('App\\Action\\Regi...')
#3 /var/www/html/vendor/slim/slim/Slim/MiddlewareDispatcher.php(81): Slim\Routing\Route->handle(Object(Slim\Psr7\Request))
#4 /var/www/html/vendor/slim/slim/Slim/MiddlewareDispatcher.php(81): Slim\MiddlewareDispatcher->handle(Object(Slim\Psr7\Request))
#5 /var/www/html/vendor/slim/slim/Slim/Routing/Route.php(341): Slim\MiddlewareDispatcher->handle(Object(Slim\Psr7\Request))
#6 /var/www/html/vendor/sl" while reading response header from upstream, client: 172.20.0.1, server: cleanarchitecture.local, request: "POST /registerProduct HTTP/1.1", upstream: "fastcgi://172.20.0.2:9000", host: "localhost"
2020/05/24 19:35:22 [error] 6#6: *71 FastCGI sent in stderr: "PHP message: Slim Application Error
Type: ParseError
Code: 0
Message: syntax error, unexpected 'ContainerInterface' (T_STRING), expecting function (T_FUNCTION) or const (T_CONST)
File: /var/www/html/src/App/Action/RegisterProductAction.php
Line: 19
Trace: #0 /var/www/html/vendor/composer/ClassLoader.php(322): Composer\Autoload\includeFile('/var/www/html/v...')
#1 [internal function]: Composer\Autoload\ClassLoader->loadClass('App\\App\\Action\\...')
#2 [internal function]: spl_autoload_call('App\\App\\Action\\...')
#3 /var/www/html/vendor/php-di/php-di/src/Definition/Source/ReflectionBasedAutowiring.php(22): class_exists('App\\App\\Action\\...')
#4 /var/www/html/vendor/php-di/php-di/src/Definition/Source/ReflectionBasedAutowiring.php(41): DI\Definition\Source\ReflectionBasedAutowiring->autowire('App\\App\\Action\\...')
#5 /var/www/html/vendor/php-di/php-di/src/Definition/Source/SourceChain.php(54): DI\Definition\Source\ReflectionBasedAutowiring->getDefinition('App\\App\\Action\\...')
#6 /var/www/html/vendo" while reading response header from upstream, client: 172.20.0.1, server: cleanarchitecture.local, request: "POST /registerProduct HTTP/1.1", upstream: "fastcgi://172.20.0.2:9000", host: "localhost"
2020/05/24 19:42:56 [error] 6#6: *77 FastCGI sent in stderr: "PHP message: Slim Application Error
Type: ParseError
Code: 0
Message: syntax error, unexpected 'ContainerInterface' (T_STRING), expecting function (T_FUNCTION) or const (T_CONST)
File: /var/www/html/src/App/Action/RegisterProductAction.php
Line: 18
Trace: #0 /var/www/html/vendor/composer/ClassLoader.php(322): Composer\Autoload\includeFile('/var/www/html/v...')
#1 [internal function]: Composer\Autoload\ClassLoader->loadClass('App\\App\\Action\\...')
#2 [internal function]: spl_autoload_call('App\\App\\Action\\...')
#3 /var/www/html/vendor/php-di/php-di/src/Definition/Source/ReflectionBasedAutowiring.php(22): class_exists('App\\App\\Action\\...')
#4 /var/www/html/vendor/php-di/php-di/src/Definition/Source/ReflectionBasedAutowiring.php(41): DI\Definition\Source\ReflectionBasedAutowiring->autowire('App\\App\\Action\\...')
#5 /var/www/html/vendor/php-di/php-di/src/Definition/Source/SourceChain.php(54): DI\Definition\Source\ReflectionBasedAutowiring->getDefinition('App\\App\\Action\\...')
#6 /var/www/html/vendo" while reading response header from upstream, client: 172.20.0.1, server: cleanarchitecture.local, request: "POST /registerProduct HTTP/1.1", upstream: "fastcgi://172.20.0.2:9000", host: "localhost"
